Using pre-set license
Built from '2022.3/staging' branch; Version is '2022.3.33f1 (b2c853adf198) revision 11716691'; Using compiler version '192829333'; Build Type 'Release'
OS: 'Windows 10  (10.0.19045) 64bit Enterprise' Language: 'en' Physical Memory: 16180 MB
BatchMode: 1, IsHumanControllingUs: 0, StartBugReporterOnCrash: 0, Is64bit: 1, IsPro: 1

COMMAND LINE ARGUMENTS:
C:\Program Files\Unity\Hub\Editor\2022.3.33f1\Editor\Unity.exe
-adb2
-batchMode
-noUpm
-name
AssetImportWorker2
-projectPath
C:/Users/unouser/My project
-logFile
Logs/AssetImportWorker2.log
-srvPort
56733
Successfully changed project path to: C:/Users/unouser/My project
C:/Users/unouser/My project
[UnityMemory] Configuration Parameters - Can be set up in boot.config
    "memorysetup-bucket-allocator-granularity=16"
    "memorysetup-bucket-allocator-bucket-count=8"
    "memorysetup-bucket-allocator-block-size=33554432"
    "memorysetup-bucket-allocator-block-count=8"
    "memorysetup-main-allocator-block-size=16777216"
    "memorysetup-thread-allocator-block-size=16777216"
    "memorysetup-gfx-main-allocator-block-size=16777216"
    "memorysetup-gfx-thread-allocator-block-size=16777216"
    "memorysetup-cache-allocator-block-size=4194304"
    "memorysetup-typetree-allocator-block-size=2097152"
    "memorysetup-profiler-bucket-allocator-granularity=16"
    "memorysetup-profiler-bucket-allocator-bucket-count=8"
    "memorysetup-profiler-bucket-allocator-block-size=33554432"
    "memorysetup-profiler-bucket-allocator-block-count=8"
    "memorysetup-profiler-allocator-block-size=16777216"
    "memorysetup-profiler-editor-allocator-block-size=1048576"
    "memorysetup-temp-allocator-size-main=16777216"
    "memorysetup-job-temp-allocator-block-size=2097152"
    "memorysetup-job-temp-allocator-block-size-background=1048576"
    "memorysetup-job-temp-allocator-reduction-small-platforms=262144"
    "memorysetup-allocator-temp-initial-block-size-main=262144"
    "memorysetup-allocator-temp-initial-block-size-worker=262144"
    "memorysetup-temp-allocator-size-background-worker=32768"
    "memorysetup-temp-allocator-size-job-worker=262144"
    "memorysetup-temp-allocator-size-preload-manager=33554432"
    "memorysetup-temp-allocator-size-nav-mesh-worker=65536"
    "memorysetup-temp-allocator-size-audio-worker=65536"
    "memorysetup-temp-allocator-size-cloud-worker=32768"
    "memorysetup-temp-allocator-size-gi-baking-worker=262144"
    "memorysetup-temp-allocator-size-gfx=262144"
Player connection [3728] Host "[IP] 10.66.163.28 [Port] 0 [Flags] 2 [Guid] 221256659 [EditorId] 221256659 [Version] 1048832 [Id] WindowsEditor(7,OISIT-PKI36126) [Debug] 1 [PackageName] WindowsEditor [ProjectName] Editor" joined multi-casting on [225.0.0.222:54997]...

Player connection [3728] Host "[IP] 10.66.163.28 [Port] 0 [Flags] 2 [Guid] 221256659 [EditorId] 221256659 [Version] 1048832 [Id] WindowsEditor(7,OISIT-PKI36126) [Debug] 1 [PackageName] WindowsEditor [ProjectName] Editor" joined alternative multi-casting on [225.0.0.222:34997]...

[PhysX] Initialized MultithreadedTaskDispatcher with 12 workers.
Refreshing native plugins compatible for Editor in 24.85 ms, found 4 plugins.
Preloading 0 native plugins for Editor in 0.00 ms.
Initialize engine version: 2022.3.33f1 (b2c853adf198)
[Subsystems] Discovering subsystems at path C:/Program Files/Unity/Hub/Editor/2022.3.33f1/Editor/Data/Resources/UnitySubsystems
[Subsystems] Discovering subsystems at path C:/Users/unouser/My project/Assets
GfxDevice: creating device client; threaded=0; jobified=0
Direct3D:
    Version:  Direct3D 11.0 [level 11.1]
    Renderer: Intel(R) UHD Graphics 630 (ID=0x3e92)
    Vendor:   Intel
    VRAM:     8090 MB
    Driver:   27.20.100.8935
Initialize mono
Mono path[0] = 'C:/Program Files/Unity/Hub/Editor/2022.3.33f1/Editor/Data/Managed'
Mono path[1] = 'C:/Program Files/Unity/Hub/Editor/2022.3.33f1/Editor/Data/MonoBleedingEdge/lib/mono/unityjit-win32'
Mono config path = 'C:/Program Files/Unity/Hub/Editor/2022.3.33f1/Editor/Data/MonoBleedingEdge/etc'
Using monoOptions --debugger-agent=transport=dt_socket,embedding=1,server=y,suspend=n,address=127.0.0.1:56808
Begin MonoManager ReloadAssembly
Registering precompiled unity dll's ...
Register platform support module: C:/Program Files/Unity/Hub/Editor/2022.3.33f1/Editor/Data/PlaybackEngines/WebGLSupport/UnityEditor.WebGL.Extensions.dll
Register platform support module: C:/Program Files/Unity/Hub/Editor/2022.3.33f1/Editor/Data/PlaybackEngines/WindowsStandaloneSupport/UnityEditor.WindowsStandalone.Extensions.dll
Registered in 0.022177 seconds.
- Loaded All Assemblies, in  0.585 seconds
Native extension for WindowsStandalone target not found
Native extension for WebGL target not found
Mono: successfully reloaded assembly
- Finished resetting the current domain, in  0.389 seconds
Domain Reload Profiling: 968ms
	BeginReloadAssembly (183ms)
		ExecutionOrderSort (0ms)
		DisableScriptedObjects (0ms)
		BackupInstance (0ms)
		ReleaseScriptingObjects (0ms)
		CreateAndSetChildDomain (1ms)
	RebuildCommonClasses (57ms)
	RebuildNativeTypeToScriptingClass (21ms)
	initialDomainReloadingComplete (102ms)
	LoadAllAssembliesAndSetupDomain (215ms)
		LoadAssemblies (178ms)
		RebuildTransferFunctionScriptingTraits (0ms)
		AnalyzeDomain (212ms)
			TypeCache.Refresh (210ms)
				TypeCache.ScanAssembly (191ms)
			ScanForSourceGeneratedMonoScriptInfo (0ms)
			ResolveRequiredComponents (0ms)
	FinalizeReload (390ms)
		ReleaseScriptCaches (0ms)
		RebuildScriptCaches (0ms)
		SetupLoadedEditorAssemblies (303ms)
			LogAssemblyErrors (0ms)
			InitializePlatformSupportModulesInManaged (18ms)
			SetLoadedEditorAssemblies (8ms)
			RefreshPlugins (0ms)
			BeforeProcessingInitializeOnLoad (3ms)
			ProcessInitializeOnLoadAttributes (195ms)
			ProcessInitializeOnLoadMethodAttributes (79ms)
			AfterProcessingInitializeOnLoad (0ms)
			EditorAssembliesLoaded (0ms)
		ExecutionOrderSort2 (0ms)
		AwakeInstancesAfterBackupRestoration (0ms)
========================================================================
Worker process is ready to serve import requests
Begin MonoManager ReloadAssembly
- Loaded All Assemblies, in  1.079 seconds
Refreshing native plugins compatible for Editor in 11.51 ms, found 4 plugins.
Native extension for WindowsStandalone target not found
Native extension for WebGL target not found
Package Manager log level set to [2]
[Package Manager] Server::EnsureServerProcessIsRunning -- launch failed, reason: Unity was launched with the -noUpm command-line argument
[Package Manager] UpmClient::Send -- Unable to send message (not connected to UPM process).
[Package Manager] Cannot connect to Unity Package Manager local server
Mono: successfully reloaded assembly
- Finished resetting the current domain, in  0.888 seconds
Domain Reload Profiling: 1958ms
	BeginReloadAssembly (214ms)
		ExecutionOrderSort (0ms)
		DisableScriptedObjects (7ms)
		BackupInstance (0ms)
		ReleaseScriptingObjects (0ms)
		CreateAndSetChildDomain (31ms)
	RebuildCommonClasses (49ms)
	RebuildNativeTypeToScriptingClass (15ms)
	initialDomainReloadingComplete (76ms)
	LoadAllAssembliesAndSetupDomain (716ms)
		LoadAssemblies (556ms)
		RebuildTransferFunctionScriptingTraits (0ms)
		AnalyzeDomain (288ms)
			TypeCache.Refresh (250ms)
				TypeCache.ScanAssembly (226ms)
			ScanForSourceGeneratedMonoScriptInfo (28ms)
			ResolveRequiredComponents (8ms)
	FinalizeReload (888ms)
		ReleaseScriptCaches (0ms)
		RebuildScriptCaches (0ms)
		SetupLoadedEditorAssemblies (656ms)
			LogAssemblyErrors (0ms)
			InitializePlatformSupportModulesInManaged (10ms)
			SetLoadedEditorAssemblies (6ms)
			RefreshPlugins (0ms)
			BeforeProcessingInitializeOnLoad (99ms)
			ProcessInitializeOnLoadAttributes (473ms)
			ProcessInitializeOnLoadMethodAttributes (49ms)
			AfterProcessingInitializeOnLoad (19ms)
			EditorAssembliesLoaded (0ms)
		ExecutionOrderSort2 (0ms)
		AwakeInstancesAfterBackupRestoration (34ms)
Error creating external process 'C:/Program Files/Unity/Hub/Editor/2022.3.33f1/Editor/Data/Tools/UnityShaderCompiler.exe' : The paging file is too small for this operation to complete.
Error cleaning up external process: The handle is invalid.
Failed to launch UnityShaderCompiler.exe shader compiler! C:/Program Files/Unity/Hub/Editor/2022.3.33f1/Editor/Data/Tools/UnityShaderCompiler.exe
Error creating external process 'C:/Program Files/Unity/Hub/Editor/2022.3.33f1/Editor/Data/Tools/UnityShaderCompiler.exe' : The paging file is too small for this operation to complete.
Error cleaning up external process: The handle is invalid.
Failed to launch UnityShaderCompiler.exe shader compiler! C:/Program Files/Unity/Hub/Editor/2022.3.33f1/Editor/Data/Tools/UnityShaderCompiler.exe
Error creating external process 'C:/Program Files/Unity/Hub/Editor/2022.3.33f1/Editor/Data/Tools/UnityShaderCompiler.exe' : The paging file is too small for this operation to complete.
Error cleaning up external process: The handle is invalid.
Failed to launch UnityShaderCompiler.exe shader compiler! C:/Program Files/Unity/Hub/Editor/2022.3.33f1/Editor/Data/Tools/UnityShaderCompiler.exe
Error creating external process 'C:/Program Files/Unity/Hub/Editor/2022.3.33f1/Editor/Data/Tools/UnityShaderCompiler.exe' : The paging file is too small for this operation to complete.
Error cleaning up external process: The handle is invalid.
Failed to launch UnityShaderCompiler.exe shader compiler! C:/Program Files/Unity/Hub/Editor/2022.3.33f1/Editor/Data/Tools/UnityShaderCompiler.exe
Error creating external process 'C:/Program Files/Unity/Hub/Editor/2022.3.33f1/Editor/Data/Tools/UnityShaderCompiler.exe' : The paging file is too small for this operation to complete.
Error cleaning up external process: The handle is invalid.
Failed to launch UnityShaderCompiler.exe shader compiler! C:/Program Files/Unity/Hub/Editor/2022.3.33f1/Editor/Data/Tools/UnityShaderCompiler.exe
Error creating external process 'C:/Program Files/Unity/Hub/Editor/2022.3.33f1/Editor/Data/Tools/UnityShaderCompiler.exe' : The paging file is too small for this operation to complete.
Error cleaning up external process: The handle is invalid.
Failed to launch UnityShaderCompiler.exe shader compiler! C:/Program Files/Unity/Hub/Editor/2022.3.33f1/Editor/Data/Tools/UnityShaderCompiler.exe
Error creating external process 'C:/Program Files/Unity/Hub/Editor/2022.3.33f1/Editor/Data/Tools/UnityShaderCompiler.exe' : The paging file is too small for this operation to complete.
Error cleaning up external process: The handle is invalid.
Failed to launch UnityShaderCompiler.exe shader compiler! C:/Program Files/Unity/Hub/Editor/2022.3.33f1/Editor/Data/Tools/UnityShaderCompiler.exe
Error creating external process 'C:/Program Files/Unity/Hub/Editor/2022.3.33f1/Editor/Data/Tools/UnityShaderCompiler.exe' : The paging file is too small for this operation to complete.
Error cleaning up external process: The handle is invalid.
Failed to launch UnityShaderCompiler.exe shader compiler! C:/Program Files/Unity/Hub/Editor/2022.3.33f1/Editor/Data/Tools/UnityShaderCompiler.exe
Error creating external process 'C:/Program Files/Unity/Hub/Editor/2022.3.33f1/Editor/Data/Tools/UnityShaderCompiler.exe' : The paging file is too small for this operation to complete.
Error cleaning up external process: The handle is invalid.
Failed to launch UnityShaderCompiler.exe shader compiler! C:/Program Files/Unity/Hub/Editor/2022.3.33f1/Editor/Data/Tools/UnityShaderCompiler.exe
Error creating external process 'C:/Program Files/Unity/Hub/Editor/2022.3.33f1/Editor/Data/Tools/UnityShaderCompiler.exe' : The paging file is too small for this operation to complete.
Error cleaning up external process: The handle is invalid.
Failed to launch UnityShaderCompiler.exe shader compiler! C:/Program Files/Unity/Hub/Editor/2022.3.33f1/Editor/Data/Tools/UnityShaderCompiler.exe
Shader compiler: failed to launch and initialize compiler executable, even after 10 retries
Shader compiler initialization error: Failed to launch UnityShaderCompiler.exe shader compiler! C:/Program Files/Unity/Hub/Editor/2022.3.33f1/Editor/Data/Tools/UnityShaderCompiler.exe
Fatal Error! Shader compiler initialization error: Failed to launch UnityShaderCompiler.exe shader compiler! C:/Program Files/Unity/Hub/Editor/2022.3.33f1/Editor/Data/Tools/UnityShaderCompiler.exe

Crash!!!
SymInit: Symbol-SearchPath: 'C:/Program Files/Unity/Hub/Editor/2022.3.33f1/Editor/Data/Mono;.;C:\Users\unouser\My project;C:\Users\unouser\My project\Library\BurstCache\JIT;C:\Program Files\Unity\Hub\Editor\2022.3.33f1\Editor;C:\Windows;C:\Windows\system32;', symOptions: 534, UserName: 'UNOUser'
OS-Version: 10.0.0
C:\Program Files\Unity\Hub\Editor\2022.3.33f1\Editor\Unity.exe:Unity.exe (00007FF6C7910000), size: 82587648 (result: 0), SymType: '-deferred-', PDB: '', fileVersion: 2022.3.33.51283
C:\Windows\SYSTEM32\ntdll.dll:ntdll.dll (00007FFE34390000), size: 2064384 (result: 0), SymType: '-deferred-', PDB: '', fileVersion: 10.0.19041.4355
C:\Windows\System32\KERNEL32.DLL:KERNEL32.DLL (00007FFE340F0000), size: 774144 (result: 0), SymType: '-deferred-', PDB: '', fileVersion: 10.0.19041.3636
C:\Windows\System32\KERNELBASE.dll:KERNELBASE.dll (00007FFE33DF0000), size: 3104768 (result: 0), SymType: '-deferred-', PDB: '', fileVersion: 10.0.19041.4355
C:\Windows\SYSTEM32\apphelp.dll:apphelp.dll (00007FFE2EDF0000), size: 589824 (result: 0), SymType: '-deferred-', PDB: '', fileVersion: 10.0.19041.3636
C:\Windows\System32\CRYPT32.dll:CRYPT32.dll (00007FFE31A00000), size: 1433600 (result: 0), SymType: '-deferred-', PDB: '', fileVersion: 10.0.19041.4412
C:\Windows\System32\ucrtbase.dll:ucrtbase.dll (00007FFE31EA0000), size: 1048576 (result: 0), SymType: '-deferred-', PDB: '', fileVersion: 10.0.19041.3636
C:\Windows\System32\USER32.dll:USER32.dll (00007FFE341B0000), size: 1699840 (result: 0), SymType: '-deferred-', PDB: '', fileVersion: 10.0.19041.4355
C:\Windows\System32\win32u.dll:win32u.dll (00007FFE319D0000), size: 139264 (result: 0), SymType: '-deferred-', PDB: '', fileVersion: 10.0.19041.4412
C:\Program Files\Unity\Hub\Editor\2022.3.33f1\Editor\s3tcompress.dll:s3tcompress.dll (00007FFE1D4C0000), size: 180224 (result: 0), SymType: '-deferred-', PDB: ''
C:\Program Files\Unity\Hub\Editor\2022.3.33f1\Editor\etccompress.dll:etccompress.dll (00007FFDFBEB0000), size: 5066752 (result: 0), SymType: '-deferred-', PDB: ''
C:\Program Files\Unity\Hub\Editor\2022.3.33f1\Editor\libfbxsdk.dll:libfbxsdk.dll (00007FFDF9B80000), size: 10063872 (result: 0), SymType: '-deferred-', PDB: '', fileVersion: 2020.3.4.0
C:\Windows\System32\GDI32.dll:GDI32.dll (00007FFE333B0000), size: 176128 (result: 0), SymType: '-deferred-', PDB: '', fileVersion: 10.0.19041.3996
C:\Program Files\Unity\Hub\Editor\2022.3.33f1\Editor\ispc_texcomp.dll:ispc_texcomp.dll (00007FFE12C60000), size: 1826816 (result: 0), SymType: '-deferred-', PDB: ''
C:\Windows\System32\gdi32full.dll:gdi32full.dll (00007FFE31CF0000), size: 1142784 (result: 0), SymType: '-deferred-', PDB: '', fileVersion: 10.0.19041.4355
C:\Program Files\Unity\Hub\Editor\2022.3.33f1\Editor\compress_bc7e.dll:compress_bc7e.dll (00007FFE121B0000), size: 1433600 (result: 0), SymType: '-deferred-', PDB: ''
C:\Windows\System32\msvcp_win.dll:msvcp_win.dll (00007FFE31B60000), size: 643072 (result: 0), SymType: '-deferred-', PDB: '', fileVersion: 10.0.19041.3636
C:\Windows\System32\ADVAPI32.dll:ADVAPI32.dll (00007FFE33AF0000), size: 720896 (result: 0), SymType: '-deferred-', PDB: '', fileVersion: 10.0.19041.4355
C:\Program Files\Unity\Hub\Editor\2022.3.33f1\Editor\FreeImage.dll:FreeImage.dll (0000000180000000), size: 6582272 (result: 0), SymType: '-deferred-', PDB: '', fileVersion: 3.18.0.0
C:\Program Files\Unity\Hub\Editor\2022.3.33f1\Editor\WinPixEventRuntime.dll:WinPixEventRuntime.dll (00007FFE2D440000), size: 45056 (result: 0), SymType: '-deferred-', PDB: '', fileVersion: 1.0.1812.6001
C:\Windows\System32\msvcrt.dll:msvcrt.dll (00007FFE323F0000), size: 647168 (result: 0), SymType: '-deferred-', PDB: '', fileVersion: 7.0.19041.3636
C:\Windows\System32\SHELL32.dll:SHELL32.dll (00007FFE32720000), size: 7778304 (result: 0), SymType: '-deferred-', PDB: '', fileVersion: 10.0.19041.4412
C:\Windows\System32\sechost.dll:sechost.dll (00007FFE31FA0000), size: 655360 (result: 0), SymType: '-deferred-', PDB: '', fileVersion: 10.0.19041.4355
C:\Windows\System32\SHLWAPI.dll:SHLWAPI.dll (00007FFE33400000), size: 348160 (result: 0), SymType: '-deferred-', PDB: '', fileVersion: 10.0.19041.4355
C:\Windows\System32\RPCRT4.dll:RPCRT4.dll (00007FFE33CC0000), size: 1191936 (result: 0), SymType: '-deferred-', PDB: '', fileVersion: 10.0.19041.4355
C:\Windows\System32\WS2_32.dll:WS2_32.dll (00007FFE32640000), size: 438272 (result: 0), SymType: '-deferred-', PDB: '', fileVersion: 10.0.19041.3636
C:\Windows\System32\ole32.dll:ole32.dll (00007FFE32150000), size: 1224704 (result: 0), SymType: '-deferred-', PDB: '', fileVersion: 10.0.19041.4355
C:\Program Files\Unity\Hub\Editor\2022.3.33f1\Editor\umbraoptimizer64.dll:umbraoptimizer64.dll (00007FFE0E0A0000), size: 1187840 (result: 0), SymType: '-deferred-', PDB: ''
C:\Windows\System32\bcrypt.dll:bcrypt.dll (00007FFE31C50000), size: 159744 (result: 0), SymType: '-deferred-', PDB: '', fileVersion: 10.0.19041.3636
C:\Windows\System32\combase.dll:combase.dll (00007FFE32F80000), size: 3485696 (result: 0), SymType: '-deferred-', PDB: '', fileVersion: 10.0.19041.4355
C:\Windows\System32\IMM32.dll:IMM32.dll (00007FFE33AA0000), size: 204800 (result: 0), SymType: '-deferred-', PDB: '', fileVersion: 10.0.19041.4355
C:\Windows\SYSTEM32\VCRUNTIME140.dll:VCRUNTIME140.dll (00007FFE20C70000), size: 118784 (result: 0), SymType: '-deferred-', PDB: '', fileVersion: 14.38.33135.0
C:\Windows\SYSTEM32\MSVCP140.dll:MSVCP140.dll (00007FFE1C960000), size: 577536 (result: 0), SymType: '-deferred-', PDB: '', fileVersion: 14.38.33135.0
C:\Windows\System32\SETUPAPI.dll:SETUPAPI.dll (00007FFE33510000), size: 4644864 (result: 0), SymType: '-deferred-', PDB: '', fileVersion: 10.0.19041.4355
C:\Windows\System32\cfgmgr32.dll:cfgmgr32.dll (00007FFE31C00000), size: 319488 (result: 0), SymType: '-deferred-', PDB: '', fileVersion: 10.0.19041.3996
C:\Windows\SYSTEM32\OPENGL32.dll:OPENGL32.dll (00007FFE1F3A0000), size: 1200128 (result: 0), SymType: '-deferred-', PDB: '', fileVersion: 10.0.19041.4355
C:\Windows\SYSTEM32\GLU32.dll:GLU32.dll (00007FFE1EF90000), size: 180224 (result: 0), SymType: '-deferred-', PDB: '', fileVersion: 10.0.19041.3636
C:\Windows\SYSTEM32\IPHLPAPI.DLL:IPHLPAPI.DLL (00007FFE30C70000), size: 241664 (result: 0), SymType: '-deferred-', PDB: '', fileVersion: 10.0.19041.3636
C:\Windows\System32\OLEAUT32.dll:OLEAUT32.dll (00007FFE332E0000), size: 839680 (result: 0), SymType: '-deferred-', PDB: '', fileVersion: 10.0.19041.3636
C:\Windows\SYSTEM32\VCRUNTIME140_1.dll:VCRUNTIME140_1.dll (00007FFE1C7F0000), size: 49152 (result: 0), SymType: '-deferred-', PDB: '', fileVersion: 14.38.33135.0
C:\Windows\System32\WINTRUST.dll:WINTRUST.dll (00007FFE31C80000), size: 421888 (result: 0), SymType: '-deferred-', PDB: '', fileVersion: 10.0.19041.4355
C:\Windows\SYSTEM32\WINMM.dll:WINMM.dll (00007FFE1F760000), size: 159744 (result: 0), SymType: '-deferred-', PDB: '', fileVersion: 10.0.19041.3636
C:\Windows\SYSTEM32\WINHTTP.dll:WINHTTP.dll (00007FFE2C4A0000), size: 1089536 (result: 0), SymType: '-deferred-', PDB: '', fileVersion: 10.0.19041.4355
C:\Windows\SYSTEM32\HID.DLL:HID.DLL (00007FFE2FF40000), size: 53248 (result: 0), SymType: '-deferred-', PDB: '', fileVersion: 10.0.19041.3636
C:\Windows\SYSTEM32\dwmapi.dll:dwmapi.dll (00007FFE2F2B0000), size: 192512 (result: 0), SymType: '-deferred-', PDB: '', fileVersion: 10.0.19041.4355
C:\Program Files\Unity\Hub\Editor\2022.3.33f1\Editor\SketchUpAPI.dll:SketchUpAPI.dll (00007FFDD2740000), size: 8990720 (result: 0), SymType: '-deferred-', PDB: '', fileVersion: 23.0.0.0
C:\Program Files\Unity\Hub\Editor\2022.3.33f1\Editor\NativeProxyHelper.dll:NativeProxyHelper.dll (00007FFE0DA50000), size: 1789952 (result: 0), SymType: '-deferred-', PDB: ''
C:\Windows\SYSTEM32\VERSION.dll:VERSION.dll (00007FFE268A0000), size: 40960 (result: 0), SymType: '-deferred-', PDB: '', fileVersion: 10.0.19041.3636
C:\Windows\SYSTEM32\WSOCK32.dll:WSOCK32.dll (00007FFE21AD0000), size: 36864 (result: 0), SymType: '-deferred-', PDB: '', fileVersion: 10.0.19041.1
C:\Program Files\Unity\Hub\Editor\2022.3.33f1\Editor\SketchUpCommonPreferences.dll:SketchUpCommonPreferences.dll (00007FFE15F10000), size: 499712 (result: 0), SymType: '-deferred-', PDB: '', fileVersion: 23.0.0.0
C:\Windows\SYSTEM32\Secur32.dll:Secur32.dll (00007FFE293D0000), size: 49152 (result: 0), SymType: '-deferred-', PDB: '', fileVersion: 10.0.19041.3636
C:\Windows\SYSTEM32\SSPICLI.DLL:SSPICLI.DLL (00007FFE317F0000), size: 204800 (result: 0), SymType: '-deferred-', PDB: '', fileVersion: 10.0.19041.4239
C:\Program Files\Unity\Hub\Editor\2022.3.33f1\Editor\OpenRL.dll:OpenRL.dll (00000283213A0000), size: 12779520 (result: 0), SymType: '-deferred-', PDB: '', fileVersion: 1.5.0.2907
C:\Windows\SYSTEM32\MSVCP100.dll:MSVCP100.dll (000000005CE60000), size: 622592 (result: 0), SymType: '-deferred-', PDB: '', fileVersion: 10.0.40219.325
C:\Windows\SYSTEM32\MSVCR100.dll:MSVCR100.dll (000000005CF00000), size: 860160 (result: 0), SymType: '-deferred-', PDB: '', fileVersion: 10.0.40219.325
C:\Program Files\Unity\Hub\Editor\2022.3.33f1\Editor\embree.dll:embree.dll (00007FFDC1460000), size: 16711680 (result: 0), SymType: '-deferred-', PDB: '', fileVersion: 2.14.0.0
C:\Windows\SYSTEM32\MSWSOCK.DLL:MSWSOCK.DLL (00007FFE30FD0000), size: 434176 (result: 0), SymType: '-deferred-', PDB: '', fileVersion: 10.0.19041.3636
C:\Program Files\Unity\Hub\Editor\2022.3.33f1\Editor\tbb.dll:tbb.dll (00007FFE13AC0000), size: 413696 (result: 0), SymType: '-deferred-', PDB: '', fileVersion: 2017.0.2016.1004
C:\Windows\SYSTEM32\MSVCP120.dll:MSVCP120.dll (00007FFE13620000), size: 679936 (result: 0), SymType: '-deferred-', PDB: '', fileVersion: 12.0.40660.0
C:\Windows\SYSTEM32\MSVCR120.dll:MSVCR120.dll (00007FFE12A80000), size: 978944 (result: 0), SymType: '-deferred-', PDB: '', fileVersion: 12.0.40660.0
C:\Program Files\Unity\Hub\Editor\2022.3.33f1\Editor\OpenRL_pthread.dll:OpenRL_pthread.dll (0000028321290000), size: 61440 (result: 0), SymType: '-deferred-', PDB: '', fileVersion: 2.9.0.0
C:\Windows\SYSTEM32\MSASN1.dll:MSASN1.dll (00007FFE31460000), size: 73728 (result: 0), SymType: '-deferred-', PDB: '', fileVersion: 10.0.19041.3636
C:\Windows\System32\bcryptprimitives.dll:bcryptprimitives.dll (00007FFE31E10000), size: 532480 (result: 0), SymType: '-deferred-', PDB: '', fileVersion: 10.0.19041.3636
C:\Windows\SYSTEM32\kernel.appcore.dll:kernel.appcore.dll (00007FFE2F5A0000), size: 73728 (result: 0), SymType: '-deferred-', PDB: '', fileVersion: 10.0.19041.3758
C:\Windows\system32\uxtheme.dll:uxtheme.dll (00007FFE2F0B0000), size: 647168 (result: 0), SymType: '-deferred-', PDB: '', fileVersion: 10.0.19041.4355
C:\Windows\SYSTEM32\windows.storage.dll:windows.storage.dll (00007FFE2F7A0000), size: 7983104 (result: 0), SymType: '-deferred-', PDB: '', fileVersion: 10.0.19041.4412
C:\Windows\SYSTEM32\Wldp.dll:Wldp.dll (00007FFE311F0000), size: 188416 (result: 0), SymType: '-deferred-', PDB: '', fileVersion: 10.0.19041.4355
C:\Windows\System32\SHCORE.dll:SHCORE.dll (00007FFE32040000), size: 708608 (result: 0), SymType: '-deferred-', PDB: '', fileVersion: 10.0.19041.4355
C:\Windows\SYSTEM32\profapi.dll:profapi.dll (00007FFE31850000), size: 147456 (result: 0), SymType: '-deferred-', PDB: '', fileVersion: 10.0.19041.4355
C:\Windows\system32\IconCodecService.dll:IconCodecService.dll (00007FFE1DDF0000), size: 36864 (result: 0), SymType: '-deferred-', PDB: '', fileVersion: 10.0.19041.1
C:\Windows\SYSTEM32\WindowsCodecs.dll:WindowsCodecs.dll (00007FFE2B5D0000), size: 1785856 (result: 0), SymType: '-deferred-', PDB: '', fileVersion: 10.0.19041.4355
C:\Windows\System32\clbcatq.dll:clbcatq.dll (00007FFE33460000), size: 692224 (result: 0), SymType: '-deferred-', PDB: '', fileVersion: 2001.12.10941.16384
C:\Windows\System32\netprofm.dll:netprofm.dll (00007FFE2CF60000), size: 258048 (result: 0), SymType: '-deferred-', PDB: '', fileVersion: 10.0.19041.4355
C:\Windows\System32\npmproxy.dll:npmproxy.dll (00007FFE2C820000), size: 65536 (result: 0), SymType: '-deferred-', PDB: '', fileVersion: 10.0.19041.4239
C:\Windows\System32\NSI.dll:NSI.dll (00007FFE33AE0000), size: 32768 (result: 0), SymType: '-deferred-', PDB: '', fileVersion: 10.0.19041.3636
C:\Windows\SYSTEM32\dhcpcsvc6.DLL:dhcpcsvc6.DLL (00007FFE2CAC0000), size: 94208 (result: 0), SymType: '-deferred-', PDB: '', fileVersion: 10.0.19041.3636
C:\Windows\SYSTEM32\dhcpcsvc.DLL:dhcpcsvc.DLL (00007FFE2C9F0000), size: 118784 (result: 0), SymType: '-deferred-', PDB: '', fileVersion: 10.0.19041.3636
C:\Windows\SYSTEM32\DNSAPI.dll:DNSAPI.dll (00007FFE30D20000), size: 831488 (result: 0), SymType: '-deferred-', PDB: '', fileVersion: 10.0.19041.4355
C:\Windows\system32\napinsp.dll:napinsp.dll (00007FFE0BDA0000), size: 94208 (result: 0), SymType: '-deferred-', PDB: '', fileVersion: 10.0.19041.3636
C:\Windows\system32\pnrpnsp.dll:pnrpnsp.dll (00007FFE0BDC0000), size: 110592 (result: 0), SymType: '-deferred-', PDB: '', fileVersion: 10.0.19041.3636
C:\Windows\system32\wshbth.dll:wshbth.dll (00007FFE0F120000), size: 86016 (result: 0), SymType: '-deferred-', PDB: '', fileVersion: 10.0.19041.3636
C:\Windows\system32\NLAapi.dll:NLAapi.dll (00007FFE2D390000), size: 118784 (result: 0), SymType: '-deferred-', PDB: '', fileVersion: 10.0.19041.4123
C:\Windows\System32\winrnr.dll:winrnr.dll (00007FFE0F140000), size: 73728 (result: 0), SymType: '-deferred-', PDB: '', fileVersion: 10.0.19041.3636
C:\Program Files\National Instruments\Shared\mDNS Responder\nimdnsNSP.dll:nimdnsNSP.dll (0000000063560000), size: 36864 (result: 0), SymType: '-deferred-', PDB: '', fileVersion: 215.0.0.49152
C:\Windows\SYSTEM32\nimdnsResponder.dll:nimdnsResponder.dll (0000000063550000), size: 57344 (result: 0), SymType: '-deferred-', PDB: '', fileVersion: 215.0.0.49152
C:\Windows\WinSxS\amd64_microsoft.vc90.crt_1fc8b3b9a1e18e3b_9.0.30729.9625_none_08e1c10da83fbc83\MSVCR90.dll:MSVCR90.dll (000000005D2B0000), size: 667648 (result: 0), SymType: '-deferred-', PDB: '', fileVersion: 9.0.30729.9625
C:\Windows\System32\fwpuclnt.dll:fwpuclnt.dll (00007FFE2CAE0000), size: 524288 (result: 0), SymType: '-deferred-', PDB: '', fileVersion: 10.0.19041.4123
C:\Windows\System32\rasadhlp.dll:rasadhlp.dll (00007FFE2C810000), size: 40960 (result: 0), SymType: '-deferred-', PDB: '', fileVersion: 10.0.19041.3636
C:\Program Files\Unity\Hub\Editor\2022.3.33f1\Editor\NVUnityPlugin.DLL:NVUnityPlugin.DLL (00007FFE0CB80000), size: 1519616 (result: 0), SymType: '-deferred-', PDB: ''
C:\Program Files\Unity\Hub\Editor\2022.3.33f1\Editor\Data\Tools\astcenc-avx2.dll:astcenc-avx2.dll (00007FFE12660000), size: 540672 (result: 0), SymType: '-deferred-', PDB: ''
C:\Windows\System32\MMDevApi.dll:MMDevApi.dll (00007FFE25B50000), size: 544768 (result: 0), SymType: '-deferred-', PDB: '', fileVersion: 10.0.19041.4355
C:\Windows\System32\DEVOBJ.dll:DEVOBJ.dll (00007FFE31630000), size: 208896 (result: 0), SymType: '-deferred-', PDB: '', fileVersion: 10.0.19041.4355
C:\Windows\SYSTEM32\d3d11.dll:d3d11.dll (00007FFE2DAC0000), size: 2502656 (result: 0), SymType: '-deferred-', PDB: '', fileVersion: 10.0.19041.4355
C:\Windows\SYSTEM32\dxgi.dll:dxgi.dll (00007FFE2FF50000), size: 991232 (result: 0), SymType: '-deferred-', PDB: '', fileVersion: 10.0.19041.4355
C:\Windows\System32\DriverStore\FileRepository\iigd_dch.inf_amd64_284c494004f37b9b\igd10iumd64.dll:igd10iumd64.dll (00007FFE277C0000), size: 25681920 (result: 0), SymType: '-deferred-', PDB: '', fileVersion: 27.20.100.8935
C:\Windows\SYSTEM32\ncrypt.dll:ncrypt.dll (00007FFE31320000), size: 167936 (result: 0), SymType: '-deferred-', PDB: '', fileVersion: 10.0.19041.4412
C:\Windows\SYSTEM32\NTASN1.dll:NTASN1.dll (00007FFE312E0000), size: 241664 (result: 0), SymType: '-deferred-', PDB: '', fileVersion: 10.0.19041.3636
C:\Windows\System32\DriverStore\FileRepository\iigd_dch.inf_amd64_284c494004f37b9b\igdgmm64.dll:igdgmm64.dll (00007FFE273B0000), size: 2457600 (result: 0), SymType: '-deferred-', PDB: '', fileVersion: 27.20.100.8935
C:\Windows\System32\DriverStore\FileRepository\iigd_dch.inf_amd64_284c494004f37b9b\igc64.dll:igc64.dll (00007FFE22E40000), size: 47054848 (result: 0), SymType: '-deferred-', PDB: '', fileVersion: 27.20.100.8935
C:\Windows\SYSTEM32\dxcore.dll:dxcore.dll (00007FFE295B0000), size: 241664 (result: 0), SymType: '-deferred-', PDB: '', fileVersion: 10.0.19041.4355
C:\Windows\system32\wbem\wbemprox.dll:wbemprox.dll (00007FFE222B0000), size: 69632 (result: 0), SymType: '-deferred-', PDB: '', fileVersion: 10.0.19041.3996
C:\Windows\SYSTEM32\wbemcomn.dll:wbemcomn.dll (00007FFE2A710000), size: 589824 (result: 0), SymType: '-deferred-', PDB: '', fileVersion: 10.0.19041.4355
C:\Windows\system32\wbem\wbemsvc.dll:wbemsvc.dll (00007FFE294A0000), size: 81920 (result: 0), SymType: '-deferred-', PDB: '', fileVersion: 10.0.19041.3996
C:\Windows\system32\wbem\fastprox.dll:fastprox.dll (00007FFE260E0000), size: 1097728 (result: 0), SymType: '-deferred-', PDB: '', fileVersion: 10.0.19041.4355
C:\Windows\SYSTEM32\amsi.dll:amsi.dll (00007FFE27690000), size: 126976 (result: 0), SymType: '-deferred-', PDB: '', fileVersion: 10.0.19041.4355
C:\Windows\SYSTEM32\opencl.dll:opencl.dll (00007FFE19D30000), size: 512000 (result: 0), SymType: '-deferred-', PDB: '', fileVersion: 2.2.8.0
C:\Program Files\Unity\Hub\Editor\2022.3.33f1\Editor\radeonrays.dll:radeonrays.dll (00007FFE19CA0000), size: 557056 (result: 0), SymType: '-deferred-', PDB: ''
C:\Program Files\Unity\Hub\Editor\2022.3.33f1\Editor\Data\MonoBleedingEdge\EmbedRuntime\mono-2.0-bdwgc.dll:mono-2.0-bdwgc.dll (00007FFDD1CE0000), size: 10825728 (result: 0), SymType: '-deferred-', PDB: ''
C:\Windows\SYSTEM32\dbghelp.dll:dbghelp.dll (00007FFE1C530000), size: 1982464 (result: 0), SymType: '-deferred-', PDB: '', fileVersion: 10.0.19041.3636

========== OUTPUTTING STACK TRACE ==================

SymInit: Symbol-SearchPath: 'C:/Program Files/Unity/Hub/Editor/2022.3.33f1/Editor/Data/Mono;.;C:\Users\unouser\My project;C:\Users\unouser\My project\Library\BurstCache\JIT;C:\Program Files\Unity\Hub\Editor\2022.3.33f1\Editor;C:\Windows;C:\Windows\system32;', symOptions: 534, UserName: 'UNOUser'
OS-Version: 10.0.0
C:\Program Files\Unity\Hub\Editor\2022.3.33f1\Editor\Unity.exe:Unity.exe (00007FF6C7910000), size: 82587648 (result: -529697949), SymType: '-deferred-', PDB: '', fileVersion: 2022.3.33.51283
  ERROR: LoadModule, GetLastError: 'Unknown error [-529697949]' (Address: 0000000000000000)
C:\Windows\SYSTEM32\ntdll.dll:ntdll.dll (00007FFE34390000), size: 2064384 (result: 0), SymType: '-nosymbols-', PDB: 'C:\Windows\SYSTEM32\ntdll.dll', fileVersion: 10.0.19041.4355
C:\Windows\System32\KERNEL32.DLL:KERNEL32.DLL (00007FFE340F0000), size: 774144 (result: 0), SymType: '-exported-', PDB: 'C:\Windows\System32\KERNEL32.DLL', fileVersion: 10.0.19041.3636
C:\Windows\System32\KERNELBASE.dll:KERNELBASE.dll (00007FFE33DF0000), size: 3104768 (result: 0), SymType: '-nosymbols-', PDB: 'C:\Windows\System32\KERNELBASE.dll', fileVersion: 10.0.19041.4355
C:\Windows\SYSTEM32\apphelp.dll:apphelp.dll (00007FFE2EDF0000), size: 589824 (result: 0), SymType: '-nosymbols-', PDB: 'C:\Windows\SYSTEM32\apphelp.dll', fileVersion: 10.0.19041.3636
C:\Windows\System32\CRYPT32.dll:CRYPT32.dll (00007FFE31A00000), size: 1433600 (result: 0), SymType: '-nosymbols-', PDB: 'C:\Windows\System32\CRYPT32.dll', fileVersion: 10.0.19041.4412
C:\Windows\System32\ucrtbase.dll:ucrtbase.dll (00007FFE31EA0000), size: 1048576 (result: 0), SymType: '-nosymbols-', PDB: 'C:\Windows\System32\ucrtbase.dll', fileVersion: 10.0.19041.3636
C:\Windows\System32\USER32.dll:USER32.dll (00007FFE341B0000), size: 1699840 (result: 0), SymType: '-nosymbols-', PDB: 'C:\Windows\System32\USER32.dll', fileVersion: 10.0.19041.4355
C:\Windows\System32\win32u.dll:win32u.dll (00007FFE319D0000), size: 139264 (result: 0), SymType: '-exported-', PDB: 'C:\Windows\System32\win32u.dll', fileVersion: 10.0.19041.4412
C:\Program Files\Unity\Hub\Editor\2022.3.33f1\Editor\s3tcompress.dll:s3tcompress.dll (00007FFE1D4C0000), size: 180224 (result: 0), SymType: '-exported-', PDB: 'C:\Program Files\Unity\Hub\Editor\2022.3.33f1\Editor\s3tcompress.dll'
C:\Program Files\Unity\Hub\Editor\2022.3.33f1\Editor\etccompress.dll:etccompress.dll (00007FFDFBEB0000), size: 5066752 (result: 0), SymType: '-nosymbols-', PDB: 'C:\Program Files\Unity\Hub\Editor\2022.3.33f1\Editor\etccompress.dll'
C:\Program Files\Unity\Hub\Editor\2022.3.33f1\Editor\libfbxsdk.dll:libfbxsdk.dll (00007FFDF9B80000), size: 10063872 (result: 0), SymType: '-nosymbols-', PDB: 'C:\Program Files\Unity\Hub\Editor\2022.3.33f1\Editor\libfbxsdk.dll', fileVersion: 2020.3.4.0
C:\Windows\System32\GDI32.dll:GDI32.dll (00007FFE333B0000), size: 176128 (result: 0), SymType: '-nosymbols-', PDB: 'C:\Windows\System32\GDI32.dll', fileVersion: 10.0.19041.3996
C:\Program Files\Unity\Hub\Editor\2022.3.33f1\Editor\ispc_texcomp.dll:ispc_texcomp.dll (00007FFE12C60000), size: 1826816 (result: 0), SymType: '-nosymbols-', PDB: 'C:\Program Files\Unity\Hub\Editor\2022.3.33f1\Editor\ispc_texcomp.dll'
C:\Windows\System32\gdi32full.dll:gdi32full.dll (00007FFE31CF0000), size: 1142784 (result: 0), SymType: '-nosymbols-', PDB: 'C:\Windows\System32\gdi32full.dll', fileVersion: 10.0.19041.4355
C:\Program Files\Unity\Hub\Editor\2022.3.33f1\Editor\compress_bc7e.dll:compress_bc7e.dll (00007FFE121B0000), size: 1433600 (result: 0), SymType: '-nosymbols-', PDB: 'C:\Program Files\Unity\Hub\Editor\2022.3.33f1\Editor\compress_bc7e.dll'
C:\Windows\System32\msvcp_win.dll:msvcp_win.dll (00007FFE31B60000), size: 643072 (result: 0), SymType: '-nosymbols-', PDB: 'C:\Windows\System32\msvcp_win.dll', fileVersion: 10.0.19041.3636
C:\Windows\System32\ADVAPI32.dll:ADVAPI32.dll (00007FFE33AF0000), size: 720896 (result: 0), SymType: '-nosymbols-', PDB: 'C:\Windows\System32\ADVAPI32.dll', fileVersion: 10.0.19041.4355
C:\Program Files\Unity\Hub\Editor\2022.3.33f1\Editor\FreeImage.dll:FreeImage.dll (0000000180000000), size: 6582272 (result: 0), SymType: '-nosymbols-', PDB: 'C:\Program Files\Unity\Hub\Editor\2022.3.33f1\Editor\FreeImage.dll', fileVersion: 3.18.0.0
C:\Program Files\Unity\Hub\Editor\2022.3.33f1\Editor\WinPixEventRuntime.dll:WinPixEventRuntime.dll (00007FFE2D440000), size: 45056 (result: 0), SymType: '-nosymbols-', PDB: 'C:\Program Files\Unity\Hub\Editor\2022.3.33f1\Editor\WinPixEventRuntime.dll', fileVersion: 1.0.1812.6001
C:\Windows\System32\msvcrt.dll:msvcrt.dll (00007FFE323F0000), size: 647168 (result: 0), SymType: '-nosymbols-', PDB: 'C:\Windows\System32\msvcrt.dll', fileVersion: 7.0.19041.3636
C:\Windows\System32\SHELL32.dll:SHELL32.dll (00007FFE32720000), size: 7778304 (result: 0), SymType: '-nosymbols-', PDB: 'C:\Windows\System32\SHELL32.dll', fileVersion: 10.0.19041.4412
C:\Windows\System32\sechost.dll:sechost.dll (00007FFE31FA0000), size: 655360 (result: 0), SymType: '-nosymbols-', PDB: 'C:\Windows\System32\sechost.dll', fileVersion: 10.0.19041.4355
C:\Windows\System32\SHLWAPI.dll:SHLWAPI.dll (00007FFE33400000), size: 348160 (result: 0), SymType: '-nosymbols-', PDB: 'C:\Windows\System32\SHLWAPI.dll', fileVersion: 10.0.19041.4355
C:\Windows\System32\RPCRT4.dll:RPCRT4.dll (00007FFE33CC0000), size: 1191936 (result: 0), SymType: '-nosymbols-', PDB: 'C:\Windows\System32\RPCRT4.dll', fileVersion: 10.0.19041.4355
C:\Windows\System32\WS2_32.dll:WS2_32.dll (00007FFE32640000), size: 438272 (result: 0), SymType: '-nosymbols-', PDB: 'C:\Windows\System32\WS2_32.dll', fileVersion: 10.0.19041.3636
C:\Windows\System32\ole32.dll:ole32.dll (00007FFE32150000), size: 1224704 (result: 0), SymType: '-nosymbols-', PDB: 'C:\Windows\System32\ole32.dll', fileVersion: 10.0.19041.4355
C:\Program Files\Unity\Hub\Editor\2022.3.33f1\Editor\umbraoptimizer64.dll:umbraoptimizer64.dll (00007FFE0E0A0000), size: 1187840 (result: 0), SymType: '-nosymbols-', PDB: 'C:\Program Files\Unity\Hub\Editor\2022.3.33f1\Editor\umbraoptimizer64.dll'
C:\Windows\System32\bcrypt.dll:bcrypt.dll (00007FFE31C50000), size: 159744 (result: 0), SymType: '-exported-', PDB: 'C:\Windows\System32\bcrypt.dll', fileVersion: 10.0.19041.3636
C:\Windows\System32\combase.dll:combase.dll (00007FFE32F80000), size: 3485696 (result: 0), SymType: '-nosymbols-', PDB: 'C:\Windows\System32\combase.dll', fileVersion: 10.0.19041.4355
C:\Windows\System32\IMM32.dll:IMM32.dll (00007FFE33AA0000), size: 204800 (result: 0), SymType: '-nosymbols-', PDB: 'C:\Windows\System32\IMM32.dll', fileVersion: 10.0.19041.4355
C:\Windows\SYSTEM32\VCRUNTIME140.dll:VCRUNTIME140.dll (00007FFE20C70000), size: 118784 (result: 0), SymType: '-nosymbols-', PDB: 'C:\Windows\SYSTEM32\VCRUNTIME140.dll', fileVersion: 14.38.33135.0
C:\Windows\SYSTEM32\MSVCP140.dll:MSVCP140.dll (00007FFE1C960000), size: 577536 (result: 0), SymType: '-nosymbols-', PDB: 'C:\Windows\SYSTEM32\MSVCP140.dll', fileVersion: 14.38.33135.0
C:\Windows\System32\SETUPAPI.dll:SETUPAPI.dll (00007FFE33510000), size: 4644864 (result: 0), SymType: '-nosymbols-', PDB: 'C:\Windows\System32\SETUPAPI.dll', fileVersion: 10.0.19041.4355
C:\Windows\System32\cfgmgr32.dll:cfgmgr32.dll (00007FFE31C00000), size: 319488 (result: 0), SymType: '-nosymbols-', PDB: 'C:\Windows\System32\cfgmgr32.dll', fileVersion: 10.0.19041.3996
C:\Windows\SYSTEM32\OPENGL32.dll:OPENGL32.dll (00007FFE1F3A0000), size: 1200128 (result: 0), SymType: '-nosymbols-', PDB: 'C:\Windows\SYSTEM32\OPENGL32.dll', fileVersion: 10.0.19041.4355
C:\Windows\SYSTEM32\GLU32.dll:GLU32.dll (00007FFE1EF90000), size: 180224 (result: 0), SymType: '-nosymbols-', PDB: 'C:\Windows\SYSTEM32\GLU32.dll', fileVersion: 10.0.19041.3636
C:\Windows\SYSTEM32\IPHLPAPI.DLL:IPHLPAPI.DLL (00007FFE30C70000), size: 241664 (result: 0), SymType: '-nosymbols-', PDB: 'C:\Windows\SYSTEM32\IPHLPAPI.DLL', fileVersion: 10.0.19041.3636
C:\Windows\System32\OLEAUT32.dll:OLEAUT32.dll (00007FFE332E0000), size: 839680 (result: 0), SymType: '-nosymbols-', PDB: 'C:\Windows\System32\OLEAUT32.dll', fileVersion: 10.0.19041.3636
C:\Windows\SYSTEM32\VCRUNTIME140_1.dll:VCRUNTIME140_1.dll (00007FFE1C7F0000), size: 49152 (result: 0), SymType: '-nosymbols-', PDB: 'C:\Windows\SYSTEM32\VCRUNTIME140_1.dll', fileVersion: 14.38.33135.0
C:\Windows\System32\WINTRUST.dll:WINTRUST.dll (00007FFE31C80000), size: 421888 (result: 0), SymType: '-nosymbols-', PDB: 'C:\Windows\System32\WINTRUST.dll', fileVersion: 10.0.19041.4355
C:\Windows\SYSTEM32\WINMM.dll:WINMM.dll (00007FFE1F760000), size: 159744 (result: 0), SymType: '-nosymbols-', PDB: 'C:\Windows\SYSTEM32\WINMM.dll', fileVersion: 10.0.19041.3636
C:\Windows\SYSTEM32\WINHTTP.dll:WINHTTP.dll (00007FFE2C4A0000), size: 1089536 (result: 0), SymType: '-nosymbols-', PDB: 'C:\Windows\SYSTEM32\WINHTTP.dll', fileVersion: 10.0.19041.4355
C:\Windows\SYSTEM32\HID.DLL:HID.DLL (00007FFE2FF40000), size: 53248 (result: 0), SymType: '-nosymbols-', PDB: 'C:\Windows\SYSTEM32\HID.DLL', fileVersion: 10.0.19041.3636
C:\Windows\SYSTEM32\dwmapi.dll:dwmapi.dll (00007FFE2F2B0000), size: 192512 (result: 0), SymType: '-nosymbols-', PDB: 'C:\Windows\SYSTEM32\dwmapi.dll', fileVersion: 10.0.19041.4355
C:\Program Files\Unity\Hub\Editor\2022.3.33f1\Editor\SketchUpAPI.dll:SketchUpAPI.dll (00007FFDD2740000), size: 8990720 (result: 0), SymType: '-nosymbols-', PDB: 'C:\Program Files\Unity\Hub\Editor\2022.3.33f1\Editor\SketchUpAPI.dll', fileVersion: 23.0.0.0
C:\Program Files\Unity\Hub\Editor\2022.3.33f1\Editor\NativeProxyHelper.dll:NativeProxyHelper.dll (00007FFE0DA50000), size: 1789952 (result: 0), SymType: '-nosymbols-', PDB: 'C:\Program Files\Unity\Hub\Editor\2022.3.33f1\Editor\NativeProxyHelper.dll'
C:\Windows\SYSTEM32\VERSION.dll:VERSION.dll (00007FFE268A0000), size: 40960 (result: 0), SymType: '-nosymbols-', PDB: 'C:\Windows\SYSTEM32\VERSION.dll', fileVersion: 10.0.19041.3636
C:\Windows\SYSTEM32\WSOCK32.dll:WSOCK32.dll (00007FFE21AD0000), size: 36864 (result: 0), SymType: '-nosymbols-', PDB: 'C:\Windows\SYSTEM32\WSOCK32.dll', fileVersion: 10.0.19041.1
C:\Program Files\Unity\Hub\Editor\2022.3.33f1\Editor\SketchUpCommonPreferences.dll:SketchUpCommonPreferences.dll (00007FFE15F10000), size: 499712 (result: 0), SymType: '-nosymbols-', PDB: 'C:\Program Files\Unity\Hub\Editor\2022.3.33f1\Editor\SketchUpCommonPreferences.dll', fileVersion: 23.0.0.0
C:\Windows\SYSTEM32\Secur32.dll:Secur32.dll (00007FFE293D0000), size: 49152 (result: 0), SymType: '-nosymbols-', PDB: 'C:\Windows\SYSTEM32\Secur32.dll', fileVersion: 10.0.19041.3636
C:\Windows\SYSTEM32\SSPICLI.DLL:SSPICLI.DLL (00007FFE317F0000), size: 204800 (result: 0), SymType: '-nosymbols-', PDB: 'C:\Windows\SYSTEM32\SSPICLI.DLL', fileVersion: 10.0.19041.4239
C:\Program Files\Unity\Hub\Editor\2022.3.33f1\Editor\OpenRL.dll:OpenRL.dll (00000283213A0000), size: 12779520 (result: 0), SymType: '-nosymbols-', PDB: 'C:\Program Files\Unity\Hub\Editor\2022.3.33f1\Editor\OpenRL.dll', fileVersion: 1.5.0.2907
C:\Windows\SYSTEM32\MSVCP100.dll:MSVCP100.dll (000000005CE60000), size: 622592 (result: 0), SymType: '-nosymbols-', PDB: 'C:\Windows\SYSTEM32\MSVCP100.dll', fileVersion: 10.0.40219.325
C:\Windows\SYSTEM32\MSVCR100.dll:MSVCR100.dll (000000005CF00000), size: 860160 (result: 0), SymType: '-nosymbols-', PDB: 'C:\Windows\SYSTEM32\MSVCR100.dll', fileVersion: 10.0.40219.325
C:\Program Files\Unity\Hub\Editor\2022.3.33f1\Editor\embree.dll:embree.dll (00007FFDC1460000), size: 16711680 (result: 0), SymType: '-nosymbols-', PDB: 'C:\Program Files\Unity\Hub\Editor\2022.3.33f1\Editor\embree.dll', fileVersion: 2.14.0.0
C:\Windows\SYSTEM32\MSWSOCK.DLL:MSWSOCK.DLL (00007FFE30FD0000), size: 434176 (result: 0), SymType: '-nosymbols-', PDB: 'C:\Windows\SYSTEM32\MSWSOCK.DLL', fileVersion: 10.0.19041.3636
C:\Program Files\Unity\Hub\Editor\2022.3.33f1\Editor\tbb.dll:tbb.dll (00007FFE13AC0000), size: 413696 (result: 0), SymType: '-nosymbols-', PDB: 'C:\Program Files\Unity\Hub\Editor\2022.3.33f1\Editor\tbb.dll', fileVersion: 2017.0.2016.1004
C:\Windows\SYSTEM32\MSVCP120.dll:MSVCP120.dll (00007FFE13620000), size: 679936 (result: 0), SymType: '-nosymbols-', PDB: 'C:\Windows\SYSTEM32\MSVCP120.dll', fileVersion: 12.0.40660.0
C:\Windows\SYSTEM32\MSVCR120.dll:MSVCR120.dll (00007FFE12A80000), size: 978944 (result: 0), SymType: '-nosymbols-', PDB: 'C:\Windows\SYSTEM32\MSVCR120.dll', fileVersion: 12.0.40660.0
C:\Program Files\Unity\Hub\Editor\2022.3.33f1\Editor\OpenRL_pthread.dll:OpenRL_pthread.dll (0000028321290000), size: 61440 (result: 0), SymType: '-nosymbols-', PDB: 'C:\Program Files\Unity\Hub\Editor\2022.3.33f1\Editor\OpenRL_pthread.dll', fileVersion: 2.9.0.0
C:\Windows\SYSTEM32\MSASN1.dll:MSASN1.dll (00007FFE31460000), size: 73728 (result: 0), SymType: '-nosymbols-', PDB: 'C:\Windows\SYSTEM32\MSASN1.dll', fileVersion: 10.0.19041.3636
C:\Windows\System32\bcryptprimitives.dll:bcryptprimitives.dll (00007FFE31E10000), size: 532480 (result: 0), SymType: '-nosymbols-', PDB: 'C:\Windows\System32\bcryptprimitives.dll', fileVersion: 10.0.19041.3636
C:\Windows\SYSTEM32\kernel.appcore.dll:kernel.appcore.dll (00007FFE2F5A0000), size: 73728 (result: 0), SymType: '-nosymbols-', PDB: 'C:\Windows\SYSTEM32\kernel.appcore.dll', fileVersion: 10.0.19041.3758
C:\Windows\system32\uxtheme.dll:uxtheme.dll (00007FFE2F0B0000), size: 647168 (result: 0), SymType: '-nosymbols-', PDB: 'C:\Windows\system32\uxtheme.dll', fileVersion: 10.0.19041.4355
C:\Windows\SYSTEM32\windows.storage.dll:windows.storage.dll (00007FFE2F7A0000), size: 7983104 (result: 0), SymType: '-nosymbols-', PDB: 'C:\Windows\SYSTEM32\windows.storage.dll', fileVersion: 10.0.19041.4412
C:\Windows\SYSTEM32\Wldp.dll:Wldp.dll (00007FFE311F0000), size: 188416 (result: 0), SymType: '-nosymbols-', PDB: 'C:\Windows\SYSTEM32\Wldp.dll', fileVersion: 10.0.19041.4355
C:\Windows\System32\SHCORE.dll:SHCORE.dll (00007FFE32040000), size: 708608 (result: 0), SymType: '-nosymbols-', PDB: 'C:\Windows\System32\SHCORE.dll', fileVersion: 10.0.19041.4355
C:\Windows\SYSTEM32\profapi.dll:profapi.dll (00007FFE31850000), size: 147456 (result: 0), SymType: '-nosymbols-', PDB: 'C:\Windows\SYSTEM32\profapi.dll', fileVersion: 10.0.19041.4355
C:\Windows\system32\IconCodecService.dll:IconCodecService.dll (00007FFE1DDF0000), size: 36864 (result: 0), SymType: '-nosymbols-', PDB: 'C:\Windows\system32\IconCodecService.dll', fileVersion: 10.0.19041.1
C:\Windows\SYSTEM32\WindowsCodecs.dll:WindowsCodecs.dll (00007FFE2B5D0000), size: 1785856 (result: 0), SymType: '-nosymbols-', PDB: 'C:\Windows\SYSTEM32\WindowsCodecs.dll', fileVersion: 10.0.19041.4355
C:\Windows\System32\clbcatq.dll:clbcatq.dll (00007FFE33460000), size: 692224 (result: 0), SymType: '-nosymbols-', PDB: 'C:\Windows\System32\clbcatq.dll', fileVersion: 2001.12.10941.16384
C:\Windows\System32\netprofm.dll:netprofm.dll (00007FFE2CF60000), size: 258048 (result: 0), SymType: '-nosymbols-', PDB: 'C:\Windows\System32\netprofm.dll', fileVersion: 10.0.19041.4355
C:\Windows\System32\npmproxy.dll:npmproxy.dll (00007FFE2C820000), size: 65536 (result: 0), SymType: '-nosymbols-', PDB: 'C:\Windows\System32\npmproxy.dll', fileVersion: 10.0.19041.4239
C:\Windows\System32\NSI.dll:NSI.dll (00007FFE33AE0000), size: 32768 (result: 0), SymType: '-nosymbols-', PDB: 'C:\Windows\System32\NSI.dll', fileVersion: 10.0.19041.3636
C:\Windows\SYSTEM32\dhcpcsvc6.DLL:dhcpcsvc6.DLL (00007FFE2CAC0000), size: 94208 (result: 0), SymType: '-nosymbols-', PDB: 'C:\Windows\SYSTEM32\dhcpcsvc6.DLL', fileVersion: 10.0.19041.3636
C:\Windows\SYSTEM32\dhcpcsvc.DLL:dhcpcsvc.DLL (00007FFE2C9F0000), size: 118784 (result: 0), SymType: '-nosymbols-', PDB: 'C:\Windows\SYSTEM32\dhcpcsvc.DLL', fileVersion: 10.0.19041.3636
C:\Windows\SYSTEM32\DNSAPI.dll:DNSAPI.dll (00007FFE30D20000), size: 831488 (result: 0), SymType: '-nosymbols-', PDB: 'C:\Windows\SYSTEM32\DNSAPI.dll', fileVersion: 10.0.19041.4355
C:\Windows\system32\napinsp.dll:napinsp.dll (00007FFE0BDA0000), size: 94208 (result: 0), SymType: '-nosymbols-', PDB: 'C:\Windows\system32\napinsp.dll', fileVersion: 10.0.19041.3636
C:\Windows\system32\pnrpnsp.dll:pnrpnsp.dll (00007FFE0BDC0000), size: 110592 (result: 0), SymType: '-nosymbols-', PDB: 'C:\Windows\system32\pnrpnsp.dll', fileVersion: 10.0.19041.3636
C:\Windows\system32\wshbth.dll:wshbth.dll (00007FFE0F120000), size: 86016 (result: 0), SymType: '-nosymbols-', PDB: 'C:\Windows\system32\wshbth.dll', fileVersion: 10.0.19041.3636
C:\Windows\system32\NLAapi.dll:NLAapi.dll (00007FFE2D390000), size: 118784 (result: 0), SymType: '-nosymbols-', PDB: 'C:\Windows\system32\NLAapi.dll', fileVersion: 10.0.19041.4123
C:\Windows\System32\winrnr.dll:winrnr.dll (00007FFE0F140000), size: 73728 (result: 0), SymType: '-nosymbols-', PDB: 'C:\Windows\System32\winrnr.dll', fileVersion: 10.0.19041.3636
C:\Program Files\National Instruments\Shared\mDNS Responder\nimdnsNSP.dll:nimdnsNSP.dll (0000000063560000), size: 36864 (result: 0), SymType: '-nosymbols-', PDB: 'C:\Program Files\National Instruments\Shared\mDNS Responder\nimdnsNSP.dll', fileVersion: 215.0.0.49152
C:\Windows\SYSTEM32\nimdnsResponder.dll:nimdnsResponder.dll (0000000063550000), size: 57344 (result: 0), SymType: '-nosymbols-', PDB: 'C:\Windows\SYSTEM32\nimdnsResponder.dll', fileVersion: 215.0.0.49152
C:\Windows\WinSxS\amd64_microsoft.vc90.crt_1fc8b3b9a1e18e3b_9.0.30729.9625_none_08e1c10da83fbc83\MSVCR90.dll:MSVCR90.dll (000000005D2B0000), size: 667648 (result: 0), SymType: '-nosymbols-', PDB: 'C:\Windows\WinSxS\amd64_microsoft.vc90.crt_1fc8b3b9a1e18e3b_9.0.30729.9625_none_08e1c10da83fbc83\MSVCR90.dll', fileVersion: 9.0.30729.9625
C:\Windows\System32\fwpuclnt.dll:fwpuclnt.dll (00007FFE2CAE0000), size: 524288 (result: 0), SymType: '-nosymbols-', PDB: 'C:\Windows\System32\fwpuclnt.dll', fileVersion: 10.0.19041.4123
C:\Windows\System32\rasadhlp.dll:rasadhlp.dll (00007FFE2C810000), size: 40960 (result: 0), SymType: '-nosymbols-', PDB: 'C:\Windows\System32\rasadhlp.dll', fileVersion: 10.0.19041.3636
C:\Program Files\Unity\Hub\Editor\2022.3.33f1\Editor\NVUnityPlugin.DLL:NVUnityPlugin.DLL (00007FFE0CB80000), size: 1519616 (result: 0), SymType: '-nosymbols-', PDB: 'C:\Program Files\Unity\Hub\Editor\2022.3.33f1\Editor\NVUnityPlugin.DLL'
C:\Program Files\Unity\Hub\Editor\2022.3.33f1\Editor\Data\Tools\astcenc-avx2.dll:astcenc-avx2.dll (00007FFE12660000), size: 540672 (result: 0), SymType: '-nosymbols-', PDB: 'C:\Program Files\Unity\Hub\Editor\2022.3.33f1\Editor\Data\Tools\astcenc-avx2.dll'
C:\Windows\System32\MMDevApi.dll:MMDevApi.dll (00007FFE25B50000), size: 544768 (result: 0), SymType: '-nosymbols-', PDB: 'C:\Windows\System32\MMDevApi.dll', fileVersion: 10.0.19041.4355
C:\Windows\System32\DEVOBJ.dll:DEVOBJ.dll (00007FFE31630000), size: 208896 (result: 0), SymType: '-nosymbols-', PDB: 'C:\Windows\System32\DEVOBJ.dll', fileVersion: 10.0.19041.4355
C:\Windows\SYSTEM32\d3d11.dll:d3d11.dll (00007FFE2DAC0000), size: 2502656 (result: 0), SymType: '-nosymbols-', PDB: 'C:\Windows\SYSTEM32\d3d11.dll', fileVersion: 10.0.19041.4355
C:\Windows\SYSTEM32\dxgi.dll:dxgi.dll (00007FFE2FF50000), size: 991232 (result: 0), SymType: '-nosymbols-', PDB: 'C:\Windows\SYSTEM32\dxgi.dll', fileVersion: 10.0.19041.4355
C:\Windows\System32\DriverStore\FileRepository\iigd_dch.inf_amd64_284c494004f37b9b\igd10iumd64.dll:igd10iumd64.dll (00007FFE277C0000), size: 25681920 (result: 0), SymType: '-nosymbols-', PDB: 'C:\Windows\System32\DriverStore\FileRepository\iigd_dch.inf_amd64_284c494004f37b9b\igd10iumd64.dll', fileVersion: 27.20.100.8935
C:\Windows\SYSTEM32\ncrypt.dll:ncrypt.dll (00007FFE31320000), size: 167936 (result: 0), SymType: '-nosymbols-', PDB: 'C:\Windows\SYSTEM32\ncrypt.dll', fileVersion: 10.0.19041.4412
C:\Windows\SYSTEM32\NTASN1.dll:NTASN1.dll (00007FFE312E0000), size: 241664 (result: 0), SymType: '-nosymbols-', PDB: 'C:\Windows\SYSTEM32\NTASN1.dll', fileVersion: 10.0.19041.3636
C:\Windows\System32\DriverStore\FileRepository\iigd_dch.inf_amd64_284c494004f37b9b\igdgmm64.dll:igdgmm64.dll (00007FFE273B0000), size: 2457600 (result: 0), SymType: '-nosymbols-', PDB: 'C:\Windows\System32\DriverStore\FileRepository\iigd_dch.inf_amd64_284c494004f37b9b\igdgmm64.dll', fileVersion: 27.20.100.8935
C:\Windows\System32\DriverStore\FileRepository\iigd_dch.inf_amd64_284c494004f37b9b\igc64.dll:igc64.dll (00007FFE22E40000), size: 47054848 (result: 0), SymType: '-nosymbols-', PDB: 'C:\Windows\System32\DriverStore\FileRepository\iigd_dch.inf_amd64_284c494004f37b9b\igc64.dll', fileVersion: 27.20.100.8935
C:\Windows\SYSTEM32\dxcore.dll:dxcore.dll (00007FFE295B0000), size: 241664 (result: 0), SymType: '-nosymbols-', PDB: 'C:\Windows\SYSTEM32\dxcore.dll', fileVersion: 10.0.19041.4355
C:\Windows\system32\wbem\wbemprox.dll:wbemprox.dll (00007FFE222B0000), size: 69632 (result: 0), SymType: '-nosymbols-', PDB: 'C:\Windows\system32\wbem\wbemprox.dll', fileVersion: 10.0.19041.3996
C:\Windows\SYSTEM32\wbemcomn.dll:wbemcomn.dll (00007FFE2A710000), size: 589824 (result: 0), SymType: '-nosymbols-', PDB: 'C:\Windows\SYSTEM32\wbemcomn.dll', fileVersion: 10.0.19041.4355
C:\Windows\system32\wbem\wbemsvc.dll:wbemsvc.dll (00007FFE294A0000), size: 81920 (result: 0), SymType: '-nosymbols-', PDB: 'C:\Windows\system32\wbem\wbemsvc.dll', fileVersion: 10.0.19041.3996
C:\Windows\system32\wbem\fastprox.dll:fastprox.dll (00007FFE260E0000), size: 1097728 (result: 0), SymType: '-nosymbols-', PDB: 'C:\Windows\system32\wbem\fastprox.dll', fileVersion: 10.0.19041.4355
C:\Windows\SYSTEM32\amsi.dll:amsi.dll (00007FFE27690000), size: 126976 (result: 0), SymType: '-nosymbols-', PDB: 'C:\Windows\SYSTEM32\amsi.dll', fileVersion: 10.0.19041.4355
C:\Windows\SYSTEM32\opencl.dll:opencl.dll (00007FFE19D30000), size: 512000 (result: 0), SymType: '-nosymbols-', PDB: 'C:\Windows\SYSTEM32\opencl.dll', fileVersion: 2.2.8.0
C:\Program Files\Unity\Hub\Editor\2022.3.33f1\Editor\radeonrays.dll:radeonrays.dll (00007FFE19CA0000), size: 557056 (result: 0), SymType: '-nosymbols-', PDB: 'C:\Program Files\Unity\Hub\Editor\2022.3.33f1\Editor\radeonrays.dll'
C:\Program Files\Unity\Hub\Editor\2022.3.33f1\Editor\Data\MonoBleedingEdge\EmbedRuntime\mono-2.0-bdwgc.dll:mono-2.0-bdwgc.dll (00007FFDD1CE0000), size: 10825728 (result: 0), SymType: '-nosymbols-', PDB: 'C:\Program Files\Unity\Hub\Editor\2022.3.33f1\Editor\Data\MonoBleedingEdge\EmbedRuntime\mono-2.0-bdwgc.dll'
C:\Windows\SYSTEM32\dbghelp.dll:dbghelp.dll (00007FFE1C530000), size: 1982464 (result: 0), SymType: '-nosymbols-', PDB: 'C:\Windows\SYSTEM32\dbghelp.dll', fileVersion: 10.0.19041.3636
C:\Windows\System32\psapi.dll:psapi.dll (00007FFE326B0000), size: 32768 (result: 0), SymType: '-deferred-', PDB: '', fileVersion: 10.0.19041.3636
  ERROR: SymGetSymFromAddr64, GetLastError: 'Attempt to access invalid address.' (Address: 00007FFE33E1BA99)
0x00007FFE33E1BA99 (KERNELBASE) (function-name not available)
  ERROR: SymGetSymFromAddr64, GetLastError: 'Unknown error [-529697949]' (Address: 00007FF6C94E52F0)
0x00007FF6C94E52F0 (Unity) (function-name not available)
  ERROR: SymGetSymFromAddr64, GetLastError: 'Unknown error [-529697949]' (Address: 00007FF6C94E5D6D)
0x00007FF6C94E5D6D (Unity) (function-name not available)
  ERROR: SymGetSymFromAddr64, GetLastError: 'Unknown error [-529697949]' (Address: 00007FF6CA1AC15F)
0x00007FF6CA1AC15F (Unity) (function-name not available)
  ERROR: SymGetSymFromAddr64, GetLastError: 'Unknown error [-529697949]' (Address: 00007FF6CA1AB8BA)
0x00007FF6CA1AB8BA (Unity) (function-name not available)
  ERROR: SymGetSymFromAddr64, GetLastError: 'Unknown error [-529697949]' (Address: 00007FF6C9AB529A)
0x00007FF6C9AB529A (Unity) (function-name not available)
  ERROR: SymGetSymFromAddr64, GetLastError: 'Unknown error [-529697949]' (Address: 00007FF6C9AB7314)
  ERROR: SymGetModuleInfo64, GetLastError: 'Not enough memory resources are available to process this command.' (Address: 00007FF6C9AB7314)
0x00007FF6C9AB7314 ((<unknown>)) (function-name not available)
  ERROR: SymGetSymFromAddr64, GetLastError: 'The specified module could not be found.' (Address: 00007FF6C9AB7477)
  ERROR: SymGetModuleInfo64, GetLastError: 'Not enough memory resources are available to process this command.' (Address: 00007FF6C9AB7477)
0x00007FF6C9AB7477 ((<unknown>)) (function-name not available)
  ERROR: SymGetSymFromAddr64, GetLastError: 'The specified module could not be found.' (Address: 00007FF6C87B7525)
  ERROR: SymGetModuleInfo64, GetLastError: 'Not enough memory resources are available to process this command.' (Address: 00007FF6C87B7525)
0x00007FF6C87B7525 ((<unknown>)) (function-name not available)
  ERROR: SymGetSymFromAddr64, GetLastError: 'The specified module could not be found.' (Address: 00007FF6C94E35A8)
  ERROR: SymGetModuleInfo64, GetLastError: 'Not enough memory resources are available to process this command.' (Address: 00007FF6C94E35A8)
0x00007FF6C94E35A8 ((<unknown>)) (function-name not available)
  ERROR: SymGetSymFromAddr64, GetLastError: 'The specified module could not be found.' (Address: 00007FF6C87D5DE7)
  ERROR: SymGetModuleInfo64, GetLastError: 'Not enough memory resources are available to process this command.' (Address: 00007FF6C87D5DE7)
0x00007FF6C87D5DE7 ((<unknown>)) (function-name not available)
  ERROR: SymGetSymFromAddr64, GetLastError: 'The specified module could not be found.' (Address: 00007FF6C87D7605)
  ERROR: SymGetModuleInfo64, GetLastError: 'Not enough memory resources are available to process this command.' (Address: 00007FF6C87D7605)
0x00007FF6C87D7605 ((<unknown>)) (function-name not available)
  ERROR: SymGetSymFromAddr64, GetLastError: 'The specified module could not be found.' (Address: 00007FF6C87DDD76)
  ERROR: SymGetModuleInfo64, GetLastError: 'Not enough memory resources are available to process this command.' (Address: 00007FF6C87DDD76)
0x00007FF6C87DDD76 ((<unknown>)) (function-name not available)
  ERROR: SymGetSymFromAddr64, GetLastError: 'The specified module could not be found.' (Address: 00007FF6CA225E26)
  ERROR: SymGetModuleInfo64, GetLastError: 'Not enough memory resources are available to process this command.' (Address: 00007FF6CA225E26)
0x00007FF6CA225E26 ((<unknown>)) (function-name not available)
  ERROR: SymGetSymFromAddr64, GetLastError: 'The specified module could not be found.' (Address: 00007FF6C94F2445)
  ERROR: SymGetModuleInfo64, GetLastError: 'Not enough memory resources are available to process this command.' (Address: 00007FF6C94F2445)
0x00007FF6C94F2445 ((<unknown>)) (function-name not available)
  ERROR: SymGetSymFromAddr64, GetLastError: 'The specified module could not be found.' (Address: 00007FF6CA228239)
  ERROR: SymGetModuleInfo64, GetLastError: 'Not enough memory resources are available to process this command.' (Address: 00007FF6CA228239)
0x00007FF6CA228239 ((<unknown>)) (function-name not available)
  ERROR: SymGetSymFromAddr64, GetLastError: 'Unknown error [-529697949]' (Address: 00007FF6C9E9671B)
  ERROR: SymGetModuleInfo64, GetLastError: 'Not enough memory resources are available to process this command.' (Address: 00007FF6C9E9671B)
0x00007FF6C9E9671B ((<unknown>)) (function-name not available)
  ERROR: SymGetSymFromAddr64, GetLastError: 'The specified module could not be found.' (Address: 00007FF6C9ED07B2)
  ERROR: SymGetModuleInfo64, GetLastError: 'Not enough memory resources are available to process this command.' (Address: 00007FF6C9ED07B2)
0x00007FF6C9ED07B2 ((<unknown>)) (function-name not available)
  ERROR: SymGetSymFromAddr64, GetLastError: 'The specified module could not be found.' (Address: 00007FF6C9EBC75E)
  ERROR: SymGetModuleInfo64, GetLastError: 'Not enough memory resources are available to process this command.' (Address: 00007FF6C9EBC75E)
0x00007FF6C9EBC75E ((<unknown>)) (function-name not available)
  ERROR: SymGetSymFromAddr64, GetLastError: 'The specified module could not be found.' (Address: 00007FF6C9EBE38E)
  ERROR: SymGetModuleInfo64, GetLastError: 'Not enough memory resources are available to process this command.' (Address: 00007FF6C9EBE38E)
0x00007FF6C9EBE38E ((<unknown>)) (function-name not available)
  ERROR: SymGetSymFromAddr64, GetLastError: 'The specified module could not be found.' (Address: 00007FF6C9ECEB5C)
  ERROR: SymGetModuleInfo64, GetLastError: 'Not enough memory resources are available to process this command.' (Address: 00007FF6C9ECEB5C)
0x00007FF6C9ECEB5C ((<unknown>)) (function-name not available)
  ERROR: SymGetSymFromAddr64, GetLastError: 'The specified module could not be found.' (Address: 00007FF6C9EA26BF)
  ERROR: SymGetModuleInfo64, GetLastError: 'Not enough memory resources are available to process this command.' (Address: 00007FF6C9EA26BF)
0x00007FF6C9EA26BF ((<unknown>)) (function-name not available)
  ERROR: SymGetSymFromAddr64, GetLastError: 'The specified module could not be found.' (Address: 00007FF6C9E6D597)
  ERROR: SymGetModuleInfo64, GetLastError: 'Not enough memory resources are available to process this command.' (Address: 00007FF6C9E6D597)
0x00007FF6C9E6D597 ((<unknown>)) (function-name not available)
  ERROR: SymGetSymFromAddr64, GetLastError: 'The specified module could not be found.' (Address: 00007FF6C9E6D61B)
  ERROR: SymGetModuleInfo64, GetLastError: 'Not enough memory resources are available to process this command.' (Address: 00007FF6C9E6D61B)
0x00007FF6C9E6D61B ((<unknown>)) (function-name not available)
  ERROR: SymGetSymFromAddr64, GetLastError: 'The specified module could not be found.' (Address: 00007FF6C9665CB1)
  ERROR: SymGetModuleInfo64, GetLastError: 'Not enough memory resources are available to process this command.' (Address: 00007FF6C9665CB1)
0x00007FF6C9665CB1 ((<unknown>)) (function-name not available)
  ERROR: SymGetSymFromAddr64, GetLastError: 'The specified module could not be found.' (Address: 00007FF6C9AFA2D5)
  ERROR: SymGetModuleInfo64, GetLastError: 'Not enough memory resources are available to process this command.' (Address: 00007FF6C9AFA2D5)
0x00007FF6C9AFA2D5 ((<unknown>)) (function-name not available)
  ERROR: SymGetSymFromAddr64, GetLastError: 'The specified module could not be found.' (Address: 00007FF6CAEDF46E)
  ERROR: SymGetModuleInfo64, GetLastError: 'Not enough memory resources are available to process this command.' (Address: 00007FF6CAEDF46E)
0x00007FF6CAEDF46E ((<unknown>)) (function-name not available)
  ERROR: SymGetModuleInfo64, GetLastError: 'Not enough memory resources are available to process this command.' (Address: 00007FFE34107344)
0x00007FFE34107344 ((<unknown>)) BaseThreadInitThunk
  ERROR: SymGetSymFromAddr64, GetLastError: 'Attempt to access invalid address.' (Address: 00007FFE343E26B1)
  ERROR: SymGetModuleInfo64, GetLastError: 'Not enough memory resources are available to process this command.' (Address: 00007FFE343E26B1)
0x00007FFE343E26B1 ((<unknown>)) (function-name not available)

========== END OF STACKTRACE ===========

A crash has been intercepted by the crash handler. For call stack and other details, see the latest crash report generated in:
 * C:/Users/unouser/AppData/Local/Temp/Unity/Editor/Crashes
