Using pre-set license
Built from '2022.3/staging' branch; Version is '2022.3.33f1 (b2c853adf198) revision 11716691'; Using compiler version '192829333'; Build Type 'Release'
OS: 'Windows 10  (10.0.19045) 64bit Enterprise' Language: 'en' Physical Memory: 16180 MB
BatchMode: 1, IsHumanControllingUs: 0, StartBugReporterOnCrash: 0, Is64bit: 1, IsPro: 1

COMMAND LINE ARGUMENTS:
C:\Program Files\Unity\Hub\Editor\2022.3.33f1\Editor\Unity.exe
-adb2
-batchMode
-noUpm
-name
AssetImportWorker6
-projectPath
C:/Users/unouser/My project
-logFile
Logs/AssetImportWorker6.log
-srvPort
56733
Successfully changed project path to: C:/Users/unouser/My project
C:/Users/unouser/My project
[UnityMemory] Configuration Parameters - Can be set up in boot.config
    "memorysetup-bucket-allocator-granularity=16"
    "memorysetup-bucket-allocator-bucket-count=8"
    "memorysetup-bucket-allocator-block-size=33554432"
    "memorysetup-bucket-allocator-block-count=8"
    "memorysetup-main-allocator-block-size=16777216"
    "memorysetup-thread-allocator-block-size=16777216"
    "memorysetup-gfx-main-allocator-block-size=16777216"
    "memorysetup-gfx-thread-allocator-block-size=16777216"
    "memorysetup-cache-allocator-block-size=4194304"
    "memorysetup-typetree-allocator-block-size=2097152"
    "memorysetup-profiler-bucket-allocator-granularity=16"
    "memorysetup-profiler-bucket-allocator-bucket-count=8"
    "memorysetup-profiler-bucket-allocator-block-size=33554432"
    "memorysetup-profiler-bucket-allocator-block-count=8"
    "memorysetup-profiler-allocator-block-size=16777216"
    "memorysetup-profiler-editor-allocator-block-size=1048576"
    "memorysetup-temp-allocator-size-main=16777216"
    "memorysetup-job-temp-allocator-block-size=2097152"
    "memorysetup-job-temp-allocator-block-size-background=1048576"
    "memorysetup-job-temp-allocator-reduction-small-platforms=262144"
    "memorysetup-allocator-temp-initial-block-size-main=262144"
    "memorysetup-allocator-temp-initial-block-size-worker=262144"
    "memorysetup-temp-allocator-size-background-worker=32768"
    "memorysetup-temp-allocator-size-job-worker=262144"
    "memorysetup-temp-allocator-size-preload-manager=33554432"
    "memorysetup-temp-allocator-size-nav-mesh-worker=65536"
    "memorysetup-temp-allocator-size-audio-worker=65536"
    "memorysetup-temp-allocator-size-cloud-worker=32768"
    "memorysetup-temp-allocator-size-gi-baking-worker=262144"
    "memorysetup-temp-allocator-size-gfx=262144"
Player connection [8132] Host "[IP] 10.66.163.28 [Port] 0 [Flags] 2 [Guid] 1151912992 [EditorId] 1151912992 [Version] 1048832 [Id] WindowsEditor(7,OISIT-PKI36126) [Debug] 1 [PackageName] WindowsEditor [ProjectName] Editor" joined multi-casting on [225.0.0.222:54997]...

Player connection [8132] Host "[IP] 10.66.163.28 [Port] 0 [Flags] 2 [Guid] 1151912992 [EditorId] 1151912992 [Version] 1048832 [Id] WindowsEditor(7,OISIT-PKI36126) [Debug] 1 [PackageName] WindowsEditor [ProjectName] Editor" joined alternative multi-casting on [225.0.0.222:34997]...

[PhysX] Initialized MultithreadedTaskDispatcher with 12 workers.
Refreshing native plugins compatible for Editor in 20.18 ms, found 4 plugins.
Preloading 0 native plugins for Editor in 0.00 ms.
Initialize engine version: 2022.3.33f1 (b2c853adf198)
[Subsystems] Discovering subsystems at path C:/Program Files/Unity/Hub/Editor/2022.3.33f1/Editor/Data/Resources/UnitySubsystems
[Subsystems] Discovering subsystems at path C:/Users/unouser/My project/Assets
GfxDevice: creating device client; threaded=0; jobified=0
Direct3D:
    Version:  Direct3D 11.0 [level 11.1]
    Renderer: Intel(R) UHD Graphics 630 (ID=0x3e92)
    Vendor:   Intel
    VRAM:     8090 MB
    Driver:   27.20.100.8935
Initialize mono
Mono path[0] = 'C:/Program Files/Unity/Hub/Editor/2022.3.33f1/Editor/Data/Managed'
Mono path[1] = 'C:/Program Files/Unity/Hub/Editor/2022.3.33f1/Editor/Data/MonoBleedingEdge/lib/mono/unityjit-win32'
Mono config path = 'C:/Program Files/Unity/Hub/Editor/2022.3.33f1/Editor/Data/MonoBleedingEdge/etc'
Using monoOptions --debugger-agent=transport=dt_socket,embedding=1,server=y,suspend=n,address=127.0.0.1:56640
Begin MonoManager ReloadAssembly
Registering precompiled unity dll's ...
Register platform support module: C:/Program Files/Unity/Hub/Editor/2022.3.33f1/Editor/Data/PlaybackEngines/WebGLSupport/UnityEditor.WebGL.Extensions.dll
Register platform support module: C:/Program Files/Unity/Hub/Editor/2022.3.33f1/Editor/Data/PlaybackEngines/WindowsStandaloneSupport/UnityEditor.WindowsStandalone.Extensions.dll
Registered in 0.014963 seconds.
- Loaded All Assemblies, in  0.467 seconds
Native extension for WindowsStandalone target not found
Native extension for WebGL target not found
Mono: successfully reloaded assembly
- Finished resetting the current domain, in  0.291 seconds
Domain Reload Profiling: 754ms
	BeginReloadAssembly (159ms)
		ExecutionOrderSort (0ms)
		DisableScriptedObjects (0ms)
		BackupInstance (0ms)
		ReleaseScriptingObjects (0ms)
		CreateAndSetChildDomain (1ms)
	RebuildCommonClasses (54ms)
	RebuildNativeTypeToScriptingClass (24ms)
	initialDomainReloadingComplete (80ms)
	LoadAllAssembliesAndSetupDomain (145ms)
		LoadAssemblies (154ms)
		RebuildTransferFunctionScriptingTraits (0ms)
		AnalyzeDomain (142ms)
			TypeCache.Refresh (140ms)
				TypeCache.ScanAssembly (126ms)
			ScanForSourceGeneratedMonoScriptInfo (0ms)
			ResolveRequiredComponents (0ms)
	FinalizeReload (291ms)
		ReleaseScriptCaches (0ms)
		RebuildScriptCaches (0ms)
		SetupLoadedEditorAssemblies (234ms)
			LogAssemblyErrors (0ms)
			InitializePlatformSupportModulesInManaged (12ms)
			SetLoadedEditorAssemblies (6ms)
			RefreshPlugins (0ms)
			BeforeProcessingInitializeOnLoad (2ms)
			ProcessInitializeOnLoadAttributes (154ms)
			ProcessInitializeOnLoadMethodAttributes (60ms)
			AfterProcessingInitializeOnLoad (0ms)
			EditorAssembliesLoaded (0ms)
		ExecutionOrderSort2 (0ms)
		AwakeInstancesAfterBackupRestoration (0ms)
========================================================================
Worker process is ready to serve import requests
Begin MonoManager ReloadAssembly
OutOfMemoryException: Out of memory
  at (wrapper managed-to-native) System.Object.__icall_wrapper_ves_icall_array_new_specific(intptr,int)
  at System.IO.MemoryStream..ctor (System.Int32 capacity) [0x00023] in <51fded79cd284d4d911c5949aff4cb21>:0 
  at (wrapper remoting-invoke-with-check) System.IO.MemoryStream..ctor(int)
  at Mono.Cecil.ModuleDefinition.ReadModule (System.String fileName, Mono.Cecil.ReaderParameters parameters) [0x0002e] in <a6860a9f6366437387ebdc1f225b7fd4>:0 
  at Mono.Cecil.BaseAssemblyResolver.GetAssembly (System.String file, Mono.Cecil.ReaderParameters parameters) [0x0000f] in <a6860a9f6366437387ebdc1f225b7fd4>:0 
  at Mono.Cecil.BaseAssemblyResolver.SearchDirectory (Mono.Cecil.AssemblyNameReference name, System.Collections.Generic.IEnumerable`1[T] directories, Mono.Cecil.ReaderParameters parameters) [0x00073] in <a6860a9f6366437387ebdc1f225b7fd4>:0 
  at Mono.Cecil.BaseAssemblyResolver.Resolve (Mono.Cecil.AssemblyNameReference name, Mono.Cecil.ReaderParameters parameters) [0x0000c] in <a6860a9f6366437387ebdc1f225b7fd4>:0 
  at Mono.Cecil.BaseAssemblyResolver.Resolve (Mono.Cecil.AssemblyNameReference name) [0x00007] in <a6860a9f6366437387ebdc1f225b7fd4>:0 
  at UnityEditor.AssemblyValidation+AssemblyResolver.Resolve (Mono.Cecil.AssemblyNameReference name) [0x0002f] in <999cf70008af42ff801367fff45dedb1>:0 
  at UnityEditor.AssemblyValidation.ResolveAndSetupReferences (System.Int32 index, UnityEditor.AssemblyValidation+Error[] errors, Mono.Cecil.AssemblyDefinition[] assemblyDefinitions, System.Collections.Generic.Dictionary`2[TKey,TValue] assemblyDefinitionNameToIndex, UnityEditor.AssemblyValidation+AssemblyAndReferences[] assemblyAndReferences, System.String assemblyPath) [0x00084] in <999cf70008af42ff801367fff45dedb1>:0 
  at UnityEditor.AssemblyValidation.CheckAssemblyReferences (System.String[] assemblyPaths, UnityEditor.AssemblyValidation+Error[] errors, Mono.Cecil.AssemblyDefinition[] assemblyDefinitions, System.Func`2[T,TResult] compatibleWithEditor) [0x00106] in <999cf70008af42ff801367fff45dedb1>:0 
  at UnityEditor.AssemblyValidation.ValidateAssemblyDefinitions (System.String[] assemblyPaths, Mono.Cecil.AssemblyDefinition[] assemblyDefinitions, System.Func`2[T,TResult] compatibleWithEditor) [0x0000a] in <999cf70008af42ff801367fff45dedb1>:0 
  at UnityEditor.AssemblyValidation.ValidateAssemblies (System.String[] assemblyPaths, System.Boolean enableLogging) [0x00054] in <999cf70008af42ff801367fff45dedb1>:0 


=================================================================
	Native Crash Reporting
=================================================================
Got a UNKNOWN while executing native code. This usually indicates
a fatal error in the mono runtime or one of the native libraries 
used by your application.
=================================================================

=================================================================
	Managed Stacktrace:
=================================================================
=================================================================
Received signal SIGSEGV
Obtained 26 stack frames
0x00007ff6c82f3db8 (Unity) DynamicHeapAllocator::Allocate
0x00007ff6c83029fc (Unity) DualThreadAllocator<DynamicHeapAllocator>::Allocate
0x00007ff6c82f44d1 (Unity) MemoryManager::Allocate
0x00007ff6c82fea1e (Unity) malloc_internal
0x00007ff6c7be5f47 (Unity) core::StringStorageDefault<char>::grow
0x00007ff6c7be4c7a (Unity) core::StringStorageDefault<char>::assign
0x00007ff6c89e14d7 (Unity) MonoManager::LoadAssemblyInMemoryAndDomain
0x00007ff6c89e09d1 (Unity) MonoManager::LoadAssembly
0x00007ff6c89e07eb (Unity) MonoManager::LoadAssemblies
0x00007ff6c89dfdbc (Unity) MonoManager::LoadAllAssembliesAndSetupDomain
0x00007ff6c89e2d8c (Unity) MonoManager::ReloadAssembly
0x00007ff6c998d462 (Unity) LoadDomainAndUserAssemblies
0x00007ff6c998da14 (Unity) LoadUserAssemblies
0x00007ff6c9e966cf (Unity) <lambda_e4c09a862f47a773e31babb76239f51f>::operator()
0x00007ff6c9ed07b2 (Unity) asio::detail::completion_handler<core::mutable_function<void __cdecl(void)>,asio::io_context::basic_executor_type<std::allocator<void>,0> >::do_complete
0x00007ff6c9ebc75e (Unity) asio::detail::win_iocp_io_context::do_one
0x00007ff6c9ebe38e (Unity) asio::detail::win_iocp_io_context::run
0x00007ff6c9eceb5c (Unity) IOService::Run
0x00007ff6c9ea26bf (Unity) AssetImportWorkerClient::Run
0x00007ff6c9e6d597 (Unity) RunAssetImportWorkerClientV2
0x00007ff6c9e6d61b (Unity) RunAssetImporterV2
0x00007ff6c9665cb1 (Unity) Application::InitializeProject
0x00007ff6c9afa2d5 (Unity) WinMain
0x00007ff6caedf46e (Unity) __scrt_common_main_seh
0x00007ffe34107344 (KERNEL32) BaseThreadInitThunk
0x00007ffe343e26b1 (ntdll) 

